TN:
SF:01使用\main.js
FN:1,(anonymous_0)
FN:5,(anonymous_1)
FN:8,(anonymous_2)
FN:11,(anonymous_3)
FNF:4
FNH:4
FNDA:1,(anonymous_0)
FNDA:1,(anonymous_1)
FNDA:1,(anonymous_2)
FNDA:1,(anonymous_3)
DA:1,1
DA:2,1
DA:5,1
DA:6,1
DA:8,1
DA:9,1
DA:11,1
DA:12,1
LF:8
LH:8
BRF:0
BRH:0
end_of_record
TN:
SF:02异步\Jestzidl.js
FN:4,axiosData
FNF:1
FNH:1
FNDA:1,axiosData
DA:5,1
DA:6,1
LF:2
LH:2
BRF:0
BRH:0
end_of_record
TN:
SF:02异步\asyncFn.js
FN:4,(anonymous_0)
FN:5,(anonymous_1)
FNF:2
FNH:2
FNDA:1,(anonymous_0)
FNDA:1,(anonymous_1)
DA:4,1
DA:5,1
DA:6,1
LF:3
LH:3
BRF:0
BRH:0
end_of_record
TN:
SF:02异步\main.js
FN:4,(anonymous_0)
FN:6,(anonymous_1)
FN:7,(anonymous_2)
FNF:3
FNH:2
FNDA:1,(anonymous_0)
FNDA:1,(anonymous_1)
FNDA:0,(anonymous_2)
DA:4,1
DA:5,1
DA:6,1
DA:8,0
LF:4
LH:3
BRF:0
BRH:0
end_of_record
TN:
SF:04钩子函数\main.js
FN:4,(anonymous_0)
FN:9,(anonymous_1)
FN:13,(anonymous_2)
FN:18,(anonymous_3)
FN:22,(anonymous_4)
FNF:5
FNH:5
FNDA:4,(anonymous_0)
FNDA:1,(anonymous_1)
FNDA:1,(anonymous_2)
FNDA:1,(anonymous_3)
FNDA:1,(anonymous_4)
DA:5,4
DA:10,1
DA:14,1
DA:19,1
DA:23,1
LF:5
LH:5
BRF:0
BRH:0
end_of_record
TN:
SF:04钩子函数\main02.js
FN:3,initializeDatabase
FN:11,cleanupDatabase
FN:16,addUser
FN:22,getUserById
FN:23,(anonymous_4)
FNF:5
FNH:5
FNDA:4,initializeDatabase
FNDA:1,cleanupDatabase
FNDA:1,addUser
FNDA:2,getUserById
FNDA:3,(anonymous_4)
DA:1,1
DA:4,4
DA:8,4
DA:12,1
DA:13,1
DA:17,1
DA:18,1
DA:19,1
DA:23,3
LF:9
LH:9
BRF:0
BRH:0
end_of_record
